<?xml version="1.0" encoding="UTF-8"?>
<!-- Generated by org.testng.reporters.JUnitReportReporter -->
<testsuite skipped="0" hostname="Analyst" name="email.Email_main" tests="1" failures="0" timestamp="25 May 2017 02:38:20 GMT" time="43.526" errors="0">
  <testcase name="openWebsite" time="43.526" classname="email.Email_main"/>
</testsuite> <!-- email.Email_main -->
