<?xml version="1.0" encoding="UTF-8"?>
<!-- Generated by org.testng.reporters.JUnitReportReporter -->
<testsuite skipped="0" hostname="Analyst" name="email.Email_main" tests="1" failures="0" timestamp="24 May 2017 21:30:53 GMT" time="55.991" errors="0">
  <testcase name="openWebsite" time="55.991" classname="email.Email_main"/>
</testsuite> <!-- email.Email_main -->
