<?xml version="1.0" encoding="UTF-8"?>
<!-- Generated by org.testng.reporters.JUnitReportReporter -->
<testsuite skipped="0" hostname="Analyst" name="email.Open_Webpage" tests="1" failures="0" timestamp="24 May 2017 18:58:09 GMT" time="13.759" errors="0">
  <testcase name="openWebsite" time="13.759" classname="email.Open_Webpage"/>
</testsuite> <!-- email.Open_Webpage -->
